
> @famgia/omnify-laravel@0.0.167 build /Users/f.satoshi/Herd/omnify-ts/packages/omnify-plugin-laravel-generator
> tsup

CLI Building entry: src/index.ts, src/plugin.ts
CLI Using tsconfig: tsconfig.json
CLI tsup v8.5.1
CLI Using tsup config: /Users/f.satoshi/Herd/omnify-ts/packages/omnify-plugin-laravel-generator/tsup.config.ts
CLI Target: es2022
CLI Cleaning output folder
ESM Build start
CJS Build start
ESM dist/index.js              1.61 KB
ESM dist/plugin.js             145.00 B
ESM dist/chunk-VXI5GXZN.js     174.09 KB
ESM dist/index.js.map          71.00 B
ESM dist/plugin.js.map         71.00 B
ESM dist/chunk-VXI5GXZN.js.map 350.78 KB
ESM ⚡️ Build success in 45ms
CJS dist/plugin.cjs     169.30 KB
CJS dist/index.cjs      177.34 KB
CJS dist/index.cjs.map  352.83 KB
CJS dist/plugin.cjs.map 347.50 KB
CJS ⚡️ Build success in 45ms
DTS Build start
DTS ⚡️ Build success in 810ms
DTS dist/index.d.ts   17.52 KB
DTS dist/plugin.d.ts  4.21 KB
DTS dist/index.d.cts  17.52 KB
DTS dist/plugin.d.cts 4.21 KB
